<?xml version="1.0" encoding="UTF-8"?>
<!-- Generated by org.testng.reporters.JUnitReportReporter -->
<testsuite hostname="LAPTOP-FM1SC1QQ" failures="0" tests="4" name="projectClass.ProjectGit" time="0.024" errors="0" timestamp="2021-04-08T14:14:36 IST" skipped="0">
  <testcase classname="projectClass.ProjectGit" name="address4" time="0.002"/>
  <system-out/>
  <testcase classname="projectClass.ProjectGit" name="address" time="0.016"/>
  <system-out/>
  <testcase classname="projectClass.ProjectGit" name="address3" time="0.003"/>
  <system-out/>
  <testcase classname="projectClass.ProjectGit" name="address2" time="0.003"/>
  <system-out/>
</testsuite> <!-- projectClass.ProjectGit -->
